c:\users\andre\dropbox\programming\c++\luamongo\visualstudio\x64\release\vc141.pdb
c:\users\andre\dropbox\programming\c++\luamongo\visualstudio\x64\release\mongomanager.obj
c:\users\andre\dropbox\programming\c++\luamongo\visualstudio\x64\release\mongodb.obj
c:\users\andre\dropbox\programming\c++\luamongo\visualstudio\x64\release\mongocollection.obj
c:\users\andre\dropbox\programming\c++\luamongo\visualstudio\x64\release\memorymanager.obj
c:\users\andre\dropbox\programming\c++\luamongo\visualstudio\x64\release\main.obj
c:\users\andre\dropbox\programming\c++\luamongo\visualstudio\x64\release\luaparserutil.obj
c:\users\andre\dropbox\programming\c++\luamongo\visualstudio\x64\release\luamanager.obj
c:\users\andre\dropbox\programming\c++\luamongo\visualstudio\x64\release\luadb.obj
c:\users\andre\dropbox\programming\c++\luamongo\visualstudio\x64\release\luacursor.obj
c:\users\andre\dropbox\programming\c++\luamongo\visualstudio\x64\release\luacollection.obj
c:\users\andre\dropbox\programming\c++\luamongo\visualstudio\x64\release\luabsontypes.obj
c:\users\andre\dropbox\programming\c++\luamongo\visualstudio\x64\release\log.obj
c:\users\andre\dropbox\programming\c++\luamongo\visualstudio\x64\release\fileio.obj
c:\users\andre\dropbox\programming\c++\luamongo\visualstudio\x64\release\date.obj
c:\users\andre\dropbox\programming\c++\luamongo\visualstudio\x64\release\cliargs.obj
c:\users\andre\dropbox\programming\c++\luamongo\visualstudio\x64\release\luac.obj
c:\users\andre\dropbox\programming\c++\luamongo\visualstudio\x64\release\luamongo.exe
c:\users\andre\dropbox\programming\c++\luamongo\visualstudio\x64\release\luamongo.pdb
c:\users\andre\dropbox\programming\c++\luamongo\visualstudio\x64\release\luamongo.ipdb
c:\users\andre\dropbox\programming\c++\luamongo\visualstudio\x64\release\luamongo.iobj
c:\users\andre\dropbox\programming\c++\luamongo\visualstudio\x64\release\luamongo.tlog\cl.command.1.tlog
c:\users\andre\dropbox\programming\c++\luamongo\visualstudio\x64\release\luamongo.tlog\cl.read.1.tlog
c:\users\andre\dropbox\programming\c++\luamongo\visualstudio\x64\release\luamongo.tlog\cl.write.1.tlog
c:\users\andre\dropbox\programming\c++\luamongo\visualstudio\x64\release\luamongo.tlog\link.command.1.tlog
c:\users\andre\dropbox\programming\c++\luamongo\visualstudio\x64\release\luamongo.tlog\link.read.1.tlog
c:\users\andre\dropbox\programming\c++\luamongo\visualstudio\x64\release\luamongo.tlog\link.write.1.tlog
c:\users\andre\dropbox\programming\c++\luamongo\visualstudio\x64\release\luamongo.tlog\luamongo.write.1u.tlog
