c:\users\andre\dropbox\programming\c++\luamongo\visualstudio\x64\debug\vc141.pdb
c:\users\andre\dropbox\programming\c++\luamongo\visualstudio\x64\debug\vc141.idb
c:\users\andre\dropbox\programming\c++\luamongo\visualstudio\x64\debug\cliargs.obj
c:\users\andre\dropbox\programming\c++\luamongo\visualstudio\x64\debug\date.obj
c:\users\andre\dropbox\programming\c++\luamongo\visualstudio\x64\debug\fileio.obj
c:\users\andre\dropbox\programming\c++\luamongo\visualstudio\x64\debug\log.obj
c:\users\andre\dropbox\programming\c++\luamongo\visualstudio\x64\debug\luabsontypes.obj
c:\users\andre\dropbox\programming\c++\luamongo\visualstudio\x64\debug\luacollection.obj
c:\users\andre\dropbox\programming\c++\luamongo\visualstudio\x64\debug\luacursor.obj
c:\users\andre\dropbox\programming\c++\luamongo\visualstudio\x64\debug\luadb.obj
c:\users\andre\dropbox\programming\c++\luamongo\visualstudio\x64\debug\luamanager.obj
c:\users\andre\dropbox\programming\c++\luamongo\visualstudio\x64\debug\luaparserutil.obj
c:\users\andre\dropbox\programming\c++\luamongo\visualstudio\x64\debug\main.obj
c:\users\andre\dropbox\programming\c++\luamongo\visualstudio\x64\debug\memorymanager.obj
c:\users\andre\dropbox\programming\c++\luamongo\visualstudio\x64\debug\mongocollection.obj
c:\users\andre\dropbox\programming\c++\luamongo\visualstudio\x64\debug\mongodb.obj
c:\users\andre\dropbox\programming\c++\luamongo\visualstudio\x64\debug\mongomanager.obj
c:\users\andre\dropbox\programming\c++\luamongo\visualstudio\x64\debug\luac.obj
c:\users\andre\dropbox\programming\c++\luamongo\visualstudio\x64\debug\luamongo.ilk
c:\users\andre\dropbox\programming\c++\luamongo\visualstudio\x64\debug\luamongo.exe
c:\users\andre\dropbox\programming\c++\luamongo\visualstudio\x64\debug\luamongo.pdb
c:\users\andre\dropbox\programming\c++\luamongo\visualstudio\x64\debug\luamongo.tlog\cl.command.1.tlog
c:\users\andre\dropbox\programming\c++\luamongo\visualstudio\x64\debug\luamongo.tlog\cl.read.1.tlog
c:\users\andre\dropbox\programming\c++\luamongo\visualstudio\x64\debug\luamongo.tlog\cl.write.1.tlog
c:\users\andre\dropbox\programming\c++\luamongo\visualstudio\x64\debug\luamongo.tlog\link.command.1.tlog
c:\users\andre\dropbox\programming\c++\luamongo\visualstudio\x64\debug\luamongo.tlog\link.read.1.tlog
c:\users\andre\dropbox\programming\c++\luamongo\visualstudio\x64\debug\luamongo.tlog\link.write.1.tlog
